Internal Server Error: /profile/
Traceback (most recent call last):
  File "D:\Users\chrys\Desktop\Site e-commerce avec claude AI\vido_e_commerce\vido_e_commerce\store\views.py", line 83, in client_profile
    messages.success(request, _('Vos informations personnelles ont été mises à jour avec succès.'))
    ^^^^^^^^^^^^^^^^
AttributeError: 'dict' object has no attribute 'success'

During handling of the above exception, another exception occurred:

Traceback (most recent call last):
  File "D:\Users\chrys\Desktop\Site e-commerce avec claude AI\venv\Lib\site-packages\django\core\handlers\exception.py", line 55, in inner
    response = get_response(request)
               ^^^^^^^^^^^^^^^^^^^^^
  File "D:\Users\chrys\Desktop\Site e-commerce avec claude AI\venv\Lib\site-packages\django\core\handlers\base.py", line 197, in _get_response
    response = wrapped_callback(request, *callback_args, **callback_kwargs)
               ^^^^^^^^^^^^^^^^^^^^^^^^^^^^^^^^^^^^^^^^^^^^^^^^^^^^^^^^^^^^
  File "D:\Users\chrys\Desktop\Site e-commerce avec claude AI\venv\Lib\site-packages\django\contrib\auth\decorators.py", line 60, in _view_wrapper
    return view_func(request, *args, **kwargs)
           ^^^^^^^^^^^^^^^^^^^^^^^^^^^^^^^^^^^
  File "D:\Users\chrys\Desktop\Site e-commerce avec claude AI\vido_e_commerce\vido_e_commerce\store\views.py", line 86, in client_profile
    messages.error(request, _('Une erreur est survenue lors de la mise à jour de vos informations.'))
    ^^^^^^^^^^^^^^
AttributeError: 'dict' object has no attribute 'error'
"POST /profile/ HTTP/1.1" 500 84389
Internal Server Error: /profile/
Traceback (most recent call last):
  File "D:\Users\chrys\Desktop\Site e-commerce avec claude AI\vido_e_commerce\vido_e_commerce\store\views.py", line 83, in client_profile
    messages.success(request, _('Vos informations personnelles ont été mises à jour avec succès.'))
    ^^^^^^^^^^^^^^^^
AttributeError: 'dict' object has no attribute 'success'

During handling of the above exception, another exception occurred:

Traceback (most recent call last):
  File "D:\Users\chrys\Desktop\Site e-commerce avec claude AI\venv\Lib\site-packages\django\core\handlers\exception.py", line 55, in inner
    response = get_response(request)
               ^^^^^^^^^^^^^^^^^^^^^
  File "D:\Users\chrys\Desktop\Site e-commerce avec claude AI\venv\Lib\site-packages\django\core\handlers\base.py", line 197, in _get_response
    response = wrapped_callback(request, *callback_args, **callback_kwargs)
               ^^^^^^^^^^^^^^^^^^^^^^^^^^^^^^^^^^^^^^^^^^^^^^^^^^^^^^^^^^^^
  File "D:\Users\chrys\Desktop\Site e-commerce avec claude AI\venv\Lib\site-packages\django\contrib\auth\decorators.py", line 60, in _view_wrapper
    return view_func(request, *args, **kwargs)
           ^^^^^^^^^^^^^^^^^^^^^^^^^^^^^^^^^^^
  File "D:\Users\chrys\Desktop\Site e-commerce avec claude AI\vido_e_commerce\vido_e_commerce\store\views.py", line 86, in client_profile
    messages.error(request, _('Une erreur est survenue lors de la mise à jour de vos informations.'))
    ^^^^^^^^^^^^^^
AttributeError: 'dict' object has no attribute 'error'
"POST /profile/ HTTP/1.1" 500 84389
Internal Server Error: /dashboard/profile/
Traceback (most recent call last):
  File "D:\Users\chrys\Desktop\Site e-commerce avec claude AI\venv\Lib\site-packages\django\core\handlers\exception.py", line 55, in inner
    response = get_response(request)
               ^^^^^^^^^^^^^^^^^^^^^
  File "D:\Users\chrys\Desktop\Site e-commerce avec claude AI\venv\Lib\site-packages\django\core\handlers\base.py", line 197, in _get_response
    response = wrapped_callback(request, *callback_args, **callback_kwargs)
               ^^^^^^^^^^^^^^^^^^^^^^^^^^^^^^^^^^^^^^^^^^^^^^^^^^^^^^^^^^^^
  File "D:\Users\chrys\Desktop\Site e-commerce avec claude AI\venv\Lib\site-packages\django\contrib\auth\decorators.py", line 60, in _view_wrapper
    return view_func(request, *args, **kwargs)
           ^^^^^^^^^^^^^^^^^^^^^^^^^^^^^^^^^^^
  File "D:\Users\chrys\Desktop\Site e-commerce avec claude AI\vido_e_commerce\vido_e_commerce\dashboard\views.py", line 324, in admin_profile
    messages.success(request, _('Informations personnelles mises à jour avec succès.'))
    ^^^^^^^^^^^^^^^^
AttributeError: 'dict' object has no attribute 'success'
"POST /dashboard/profile/ HTTP/1.1" 500 80025
Invalid HTTP_HOST header: '192.168.127.1:8000'. You may need to add '192.168.127.1' to ALLOWED_HOSTS.
Traceback (most recent call last):
  File "D:\Users\chrys\Desktop\Site e-commerce avec claude AI\venv\Lib\site-packages\django\core\handlers\exception.py", line 55, in inner
    response = get_response(request)
               ^^^^^^^^^^^^^^^^^^^^^
  File "D:\Users\chrys\Desktop\Site e-commerce avec claude AI\venv\Lib\site-packages\django\utils\deprecation.py", line 128, in __call__
    response = self.process_request(request)
               ^^^^^^^^^^^^^^^^^^^^^^^^^^^^^
  File "D:\Users\chrys\Desktop\Site e-commerce avec claude AI\venv\Lib\site-packages\django\middleware\common.py", line 48, in process_request
    host = request.get_host()
           ^^^^^^^^^^^^^^^^^^
  File "D:\Users\chrys\Desktop\Site e-commerce avec claude AI\venv\Lib\site-packages\django\http\request.py", line 151, in get_host
    raise DisallowedHost(msg)
django.core.exceptions.DisallowedHost: Invalid HTTP_HOST header: '192.168.127.1:8000'. You may need to add '192.168.127.1' to ALLOWED_HOSTS.
Invalid HTTP_HOST header: '192.168.127.1:8000'. You may need to add '192.168.127.1' to ALLOWED_HOSTS.
Traceback (most recent call last):
  File "D:\Users\chrys\Desktop\Site e-commerce avec claude AI\venv\Lib\site-packages\django\core\handlers\exception.py", line 55, in inner
    response = get_response(request)
               ^^^^^^^^^^^^^^^^^^^^^
  File "D:\Users\chrys\Desktop\Site e-commerce avec claude AI\venv\Lib\site-packages\django\utils\deprecation.py", line 128, in __call__
    response = self.process_request(request)
               ^^^^^^^^^^^^^^^^^^^^^^^^^^^^^
  File "D:\Users\chrys\Desktop\Site e-commerce avec claude AI\venv\Lib\site-packages\django\middleware\common.py", line 48, in process_request
    host = request.get_host()
           ^^^^^^^^^^^^^^^^^^
  File "D:\Users\chrys\Desktop\Site e-commerce avec claude AI\venv\Lib\site-packages\django\http\request.py", line 151, in get_host
    raise DisallowedHost(msg)
django.core.exceptions.DisallowedHost: Invalid HTTP_HOST header: '192.168.127.1:8000'. You may need to add '192.168.127.1' to ALLOWED_HOSTS.
Internal Server Error: /profile/
Traceback (most recent call last):
  File "D:\Users\chrys\Desktop\Site e-commerce avec claude AI\venv\Lib\site-packages\django\core\handlers\exception.py", line 55, in inner
    response = get_response(request)
               ^^^^^^^^^^^^^^^^^^^^^
  File "D:\Users\chrys\Desktop\Site e-commerce avec claude AI\venv\Lib\site-packages\django\core\handlers\base.py", line 197, in _get_response
    response = wrapped_callback(request, *callback_args, **callback_kwargs)
               ^^^^^^^^^^^^^^^^^^^^^^^^^^^^^^^^^^^^^^^^^^^^^^^^^^^^^^^^^^^^
  File "D:\Users\chrys\Desktop\Site e-commerce avec claude AI\venv\Lib\site-packages\django\contrib\auth\decorators.py", line 60, in _view_wrapper
    return view_func(request, *args, **kwargs)
           ^^^^^^^^^^^^^^^^^^^^^^^^^^^^^^^^^^^
  File "D:\Users\chrys\Desktop\Site e-commerce avec claude AI\vido_e_commerce\vido_e_commerce\store\views.py", line 81, in client_profile
    messages.success(request, _('Vos informations personnelles ont été mises à jour avec succès.'))
    ^^^^^^^^^^^^^^^^
AttributeError: 'dict' object has no attribute 'success'
"POST /profile/ HTTP/1.1" 500 78901
Internal Server Error: /profile/
Traceback (most recent call last):
  File "D:\Users\chrys\Desktop\Site e-commerce avec claude AI\venv\Lib\site-packages\django\core\handlers\exception.py", line 55, in inner
    response = get_response(request)
               ^^^^^^^^^^^^^^^^^^^^^
  File "D:\Users\chrys\Desktop\Site e-commerce avec claude AI\venv\Lib\site-packages\django\core\handlers\base.py", line 197, in _get_response
    response = wrapped_callback(request, *callback_args, **callback_kwargs)
               ^^^^^^^^^^^^^^^^^^^^^^^^^^^^^^^^^^^^^^^^^^^^^^^^^^^^^^^^^^^^
  File "D:\Users\chrys\Desktop\Site e-commerce avec claude AI\venv\Lib\site-packages\django\contrib\auth\decorators.py", line 60, in _view_wrapper
    return view_func(request, *args, **kwargs)
           ^^^^^^^^^^^^^^^^^^^^^^^^^^^^^^^^^^^
  File "D:\Users\chrys\Desktop\Site e-commerce avec claude AI\vido_e_commerce\vido_e_commerce\store\views.py", line 81, in client_profile
    messages.success(request, _('Vos informations personnelles ont été mises à jour avec succès.'))
    ^^^^^^^^^^^^^^^^
AttributeError: 'dict' object has no attribute 'success'
"POST /profile/ HTTP/1.1" 500 78662
