Internal Server Error: /accounts/customers/
Traceback (most recent call last):
  File "C:\Users\chrys\Desktop\Site e-commerce avec claude AI\vido_e_commerce\vido_e_commerce\venv\Lib\site-packages\django\template\smartif.py", line 180, in translate_token
    op = OPERATORS[token]
         ~~~~~~~~~^^^^^^^
KeyError: "selected_status=='active'"

During handling of the above exception, another exception occurred:

Traceback (most recent call last):
  File "C:\Users\chrys\Desktop\Site e-commerce avec claude AI\vido_e_commerce\vido_e_commerce\venv\Lib\site-packages\django\core\handlers\exception.py", line 55, in inner
    response = get_response(request)
               ^^^^^^^^^^^^^^^^^^^^^
  File "C:\Users\chrys\Desktop\Site e-commerce avec claude AI\vido_e_commerce\vido_e_commerce\venv\Lib\site-packages\django\core\handlers\base.py", line 197, in _get_response
    response = wrapped_callback(request, *callback_args, **callback_kwargs)
               ^^^^^^^^^^^^^^^^^^^^^^^^^^^^^^^^^^^^^^^^^^^^^^^^^^^^^^^^^^^^
  File "C:\Users\chrys\Desktop\Site e-commerce avec claude AI\vido_e_commerce\vido_e_commerce\venv\Lib\site-packages\django\contrib\auth\decorators.py", line 60, in _view_wrapper
    return view_func(request, *args, **kwargs)
           ^^^^^^^^^^^^^^^^^^^^^^^^^^^^^^^^^^^
  File "C:\Users\chrys\Desktop\Site e-commerce avec claude AI\vido_e_commerce\vido_e_commerce\accounts\views.py", line 177, in admin_customers
    return render(request, 'dashboard/customer.html', context)
           ^^^^^^^^^^^^^^^^^^^^^^^^^^^^^^^^^^^^^^^^^^^^^^^^^^^
  File "C:\Users\chrys\Desktop\Site e-commerce avec claude AI\vido_e_commerce\vido_e_commerce\venv\Lib\site-packages\django\shortcuts.py", line 25, in render
    content = loader.render_to_string(template_name, context, request, using=using)
              ^^^^^^^^^^^^^^^^^^^^^^^^^^^^^^^^^^^^^^^^^^^^^^^^^^^^^^^^^^^^^^^^^^^^^
  File "C:\Users\chrys\Desktop\Site e-commerce avec claude AI\vido_e_commerce\vido_e_commerce\venv\Lib\site-packages\django\template\loader.py", line 61, in render_to_string
    template = get_template(template_name, using=using)
               ^^^^^^^^^^^^^^^^^^^^^^^^^^^^^^^^^^^^^^^^
  File "C:\Users\chrys\Desktop\Site e-commerce avec claude AI\vido_e_commerce\vido_e_commerce\venv\Lib\site-packages\django\template\loader.py", line 15, in get_template
    return engine.get_template(template_name)
           ^^^^^^^^^^^^^^^^^^^^^^^^^^^^^^^^^^
  File "C:\Users\chrys\Desktop\Site e-commerce avec claude AI\vido_e_commerce\vido_e_commerce\venv\Lib\site-packages\django\template\backends\django.py", line 79, in get_template
    return Template(self.engine.get_template(template_name), self)
                    ^^^^^^^^^^^^^^^^^^^^^^^^^^^^^^^^^^^^^^^
  File "C:\Users\chrys\Desktop\Site e-commerce avec claude AI\vido_e_commerce\vido_e_commerce\venv\Lib\site-packages\django\template\engine.py", line 177, in get_template
    template, origin = self.find_template(template_name)
                       ^^^^^^^^^^^^^^^^^^^^^^^^^^^^^^^^^
  File "C:\Users\chrys\Desktop\Site e-commerce avec claude AI\vido_e_commerce\vido_e_commerce\venv\Lib\site-packages\django\template\engine.py", line 159, in find_template
    template = loader.get_template(name, skip=skip)
               ^^^^^^^^^^^^^^^^^^^^^^^^^^^^^^^^^^^^
  File "C:\Users\chrys\Desktop\Site e-commerce avec claude AI\vido_e_commerce\vido_e_commerce\venv\Lib\site-packages\django\template\loaders\cached.py", line 57, in get_template
    template = super().get_template(template_name, skip)
               ^^^^^^^^^^^^^^^^^^^^^^^^^^^^^^^^^^^^^^^^^
  File "C:\Users\chrys\Desktop\Site e-commerce avec claude AI\vido_e_commerce\vido_e_commerce\venv\Lib\site-packages\django\template\loaders\base.py", line 28, in get_template
    return Template(
           ^^^^^^^^^
  File "C:\Users\chrys\Desktop\Site e-commerce avec claude AI\vido_e_commerce\vido_e_commerce\venv\Lib\site-packages\django\template\base.py", line 154, in __init__
    self.nodelist = self.compile_nodelist()
                    ^^^^^^^^^^^^^^^^^^^^^^^
  File "C:\Users\chrys\Desktop\Site e-commerce avec claude AI\vido_e_commerce\vido_e_commerce\venv\Lib\site-packages\django\template\base.py", line 196, in compile_nodelist
    nodelist = parser.parse()
               ^^^^^^^^^^^^^^
  File "C:\Users\chrys\Desktop\Site e-commerce avec claude AI\vido_e_commerce\vido_e_commerce\venv\Lib\site-packages\django\template\base.py", line 518, in parse
    raise self.error(token, e)
  File "C:\Users\chrys\Desktop\Site e-commerce avec claude AI\vido_e_commerce\vido_e_commerce\venv\Lib\site-packages\django\template\base.py", line 516, in parse
    compiled_result = compile_func(self, token)
                      ^^^^^^^^^^^^^^^^^^^^^^^^^
  File "C:\Users\chrys\Desktop\Site e-commerce avec claude AI\vido_e_commerce\vido_e_commerce\venv\Lib\site-packages\django\template\loader_tags.py", line 295, in do_extends
    nodelist = parser.parse()
               ^^^^^^^^^^^^^^
  File "C:\Users\chrys\Desktop\Site e-commerce avec claude AI\vido_e_commerce\vido_e_commerce\venv\Lib\site-packages\django\template\base.py", line 518, in parse
    raise self.error(token, e)
  File "C:\Users\chrys\Desktop\Site e-commerce avec claude AI\vido_e_commerce\vido_e_commerce\venv\Lib\site-packages\django\template\base.py", line 516, in parse
    compiled_result = compile_func(self, token)
                      ^^^^^^^^^^^^^^^^^^^^^^^^^
  File "C:\Users\chrys\Desktop\Site e-commerce avec claude AI\vido_e_commerce\vido_e_commerce\venv\Lib\site-packages\django\template\loader_tags.py", line 234, in do_block
    nodelist = parser.parse(("endblock",))
               ^^^^^^^^^^^^^^^^^^^^^^^^^^^
  File "C:\Users\chrys\Desktop\Site e-commerce avec claude AI\vido_e_commerce\vido_e_commerce\venv\Lib\site-packages\django\template\base.py", line 518, in parse
    raise self.error(token, e)
  File "C:\Users\chrys\Desktop\Site e-commerce avec claude AI\vido_e_commerce\vido_e_commerce\venv\Lib\site-packages\django\template\base.py", line 516, in parse
    compiled_result = compile_func(self, token)
                      ^^^^^^^^^^^^^^^^^^^^^^^^^
  File "C:\Users\chrys\Desktop\Site e-commerce avec claude AI\vido_e_commerce\vido_e_commerce\venv\Lib\site-packages\django\template\defaulttags.py", line 961, in do_if
    condition = TemplateIfParser(parser, bits).parse()
                ^^^^^^^^^^^^^^^^^^^^^^^^^^^^^^
  File "C:\Users\chrys\Desktop\Site e-commerce avec claude AI\vido_e_commerce\vido_e_commerce\venv\Lib\site-packages\django\template\defaulttags.py", line 894, in __init__
    super().__init__(*args, **kwargs)
  File "C:\Users\chrys\Desktop\Site e-commerce avec claude AI\vido_e_commerce\vido_e_commerce\venv\Lib\site-packages\django\template\smartif.py", line 171, in __init__
    mapped_tokens.append(self.translate_token(token))
                         ^^^^^^^^^^^^^^^^^^^^^^^^^^^
  File "C:\Users\chrys\Desktop\Site e-commerce avec claude AI\vido_e_commerce\vido_e_commerce\venv\Lib\site-packages\django\template\smartif.py", line 182, in translate_token
    return self.create_var(token)
           ^^^^^^^^^^^^^^^^^^^^^^
  File "C:\Users\chrys\Desktop\Site e-commerce avec claude AI\vido_e_commerce\vido_e_commerce\venv\Lib\site-packages\django\template\defaulttags.py", line 897, in create_var
    return TemplateLiteral(self.template_parser.compile_filter(value), value)
                           ^^^^^^^^^^^^^^^^^^^^^^^^^^^^^^^^^^^^^^^^^^
  File "C:\Users\chrys\Desktop\Site e-commerce avec claude AI\vido_e_commerce\vido_e_commerce\venv\Lib\site-packages\django\template\base.py", line 605, in compile_filter
    return FilterExpression(token, self)
           ^^^^^^^^^^^^^^^^^^^^^^^^^^^^^
  File "C:\Users\chrys\Desktop\Site e-commerce avec claude AI\vido_e_commerce\vido_e_commerce\venv\Lib\site-packages\django\template\base.py", line 706, in __init__
    raise TemplateSyntaxError(
django.template.exceptions.TemplateSyntaxError: Could not parse the remainder: '=='active'' from 'selected_status=='active''
"GET /accounts/customers/ HTTP/1.1" 500 310087
Internal Server Error: /products/
Traceback (most recent call last):
  File "C:\Users\chrys\Desktop\Site e-commerce avec claude AI\vido_e_commerce\vido_e_commerce\venv\Lib\site-packages\django\db\models\fields\__init__.py", line 2123, in get_prep_value
    return int(value)
           ^^^^^^^^^^
ValueError: invalid literal for int() with base 10: 'sacs hommes'

The above exception was the direct cause of the following exception:

Traceback (most recent call last):
  File "C:\Users\chrys\Desktop\Site e-commerce avec claude AI\vido_e_commerce\vido_e_commerce\venv\Lib\site-packages\django\core\handlers\exception.py", line 55, in inner
    response = get_response(request)
               ^^^^^^^^^^^^^^^^^^^^^
  File "C:\Users\chrys\Desktop\Site e-commerce avec claude AI\vido_e_commerce\vido_e_commerce\venv\Lib\site-packages\django\core\handlers\base.py", line 197, in _get_response
    response = wrapped_callback(request, *callback_args, **callback_kwargs)
               ^^^^^^^^^^^^^^^^^^^^^^^^^^^^^^^^^^^^^^^^^^^^^^^^^^^^^^^^^^^^
  File "C:\Users\chrys\Desktop\Site e-commerce avec claude AI\vido_e_commerce\vido_e_commerce\products\views.py", line 290, in products_page
    products_list = products_list.filter(category_id=category_id)
                    ^^^^^^^^^^^^^^^^^^^^^^^^^^^^^^^^^^^^^^^^^^^^^
  File "C:\Users\chrys\Desktop\Site e-commerce avec claude AI\vido_e_commerce\vido_e_commerce\venv\Lib\site-packages\django\db\models\query.py", line 1476, in filter
    return self._filter_or_exclude(False, args, kwargs)
           ^^^^^^^^^^^^^^^^^^^^^^^^^^^^^^^^^^^^^^^^^^^^
  File "C:\Users\chrys\Desktop\Site e-commerce avec claude AI\vido_e_commerce\vido_e_commerce\venv\Lib\site-packages\django\db\models\query.py", line 1494, in _filter_or_exclude
    clone._filter_or_exclude_inplace(negate, args, kwargs)
  File "C:\Users\chrys\Desktop\Site e-commerce avec claude AI\vido_e_commerce\vido_e_commerce\venv\Lib\site-packages\django\db\models\query.py", line 1501, in _filter_or_exclude_inplace
    self._query.add_q(Q(*args, **kwargs))
  File "C:\Users\chrys\Desktop\Site e-commerce avec claude AI\vido_e_commerce\vido_e_commerce\venv\Lib\site-packages\django\db\models\sql\query.py", line 1609, in add_q
    clause, _ = self._add_q(q_object, self.used_aliases)
                ^^^^^^^^^^^^^^^^^^^^^^^^^^^^^^^^^^^^^^^^
  File "C:\Users\chrys\Desktop\Site e-commerce avec claude AI\vido_e_commerce\vido_e_commerce\venv\Lib\site-packages\django\db\models\sql\query.py", line 1641, in _add_q
    child_clause, needed_inner = self.build_filter(
                                 ^^^^^^^^^^^^^^^^^^
  File "C:\Users\chrys\Desktop\Site e-commerce avec claude AI\vido_e_commerce\vido_e_commerce\venv\Lib\site-packages\django\db\models\sql\query.py", line 1555, in build_filter
    condition = self.build_lookup(lookups, col, value)
                ^^^^^^^^^^^^^^^^^^^^^^^^^^^^^^^^^^^^^^
  File "C:\Users\chrys\Desktop\Site e-commerce avec claude AI\vido_e_commerce\vido_e_commerce\venv\Lib\site-packages\django\db\models\sql\query.py", line 1385, in build_lookup
    lookup = lookup_class(lhs, rhs)
             ^^^^^^^^^^^^^^^^^^^^^^
  File "C:\Users\chrys\Desktop\Site e-commerce avec claude AI\vido_e_commerce\vido_e_commerce\venv\Lib\site-packages\django\db\models\lookups.py", line 30, in __init__
    self.rhs = self.get_prep_lookup()
               ^^^^^^^^^^^^^^^^^^^^^^
  File "C:\Users\chrys\Desktop\Site e-commerce avec claude AI\vido_e_commerce\vido_e_commerce\venv\Lib\site-packages\django\db\models\fields\related_lookups.py", line 156, in get_prep_lookup
    self.rhs = target_field.get_prep_value(self.rhs)
               ^^^^^^^^^^^^^^^^^^^^^^^^^^^^^^^^^^^^^
  File "C:\Users\chrys\Desktop\Site e-commerce avec claude AI\vido_e_commerce\vido_e_commerce\venv\Lib\site-packages\django\db\models\fields\__init__.py", line 2125, in get_prep_value
    raise e.__class__(
ValueError: Field 'id' expected a number but got 'sacs hommes'.
"GET /products/?category=sacs%20hommes HTTP/1.1" 500 128815
